<?xml version="1.0" encoding="UTF-8"?>
<!-- Generated by org.testng.reporters.JUnitReportReporter -->
<testsuite hostname="LAPTOP-O84P5ERU" failures="0" tests="2" name="com.sample.test.demo.tests.CountryInformationTest" time="2.093" errors="0" timestamp="02 Dec 2021 21:09:32 GMT" skipped="0">
  <testcase classname="com.sample.test.demo.tests.CountryInformationTest" name="getCountryInfo" time="1.905"/>
  <testcase classname="com.sample.test.demo.tests.CountryInformationTest" name="resetPage" time="0.188"/>
</testsuite> <!-- com.sample.test.demo.tests.CountryInformationTest -->
