<?xml version="1.0" encoding="UTF-8"?>
<!-- Generated by org.testng.reporters.JUnitReportReporter -->
<testsuite hostname="LAPTOP-O84P5ERU" failures="0" tests="1" name="com.sample.test.demo.tests.DemoTest" time="0.008" errors="0" timestamp="25 Nov 2021 10:50:36 GMT" skipped="0">
  <testcase classname="com.sample.test.demo.tests.DemoTest" name="demoTest" time="0.008"/>
</testsuite> <!-- com.sample.test.demo.tests.DemoTest -->
